<?xml version="1.0" encoding="UTF-8"?>
<testsuite name="com.galvanize.geometry.GeometryTest" tests="3" skipped="0" failures="0" errors="0" timestamp="2021-01-25T16:40:39" hostname="LAPTOP-S57OD5Q8" time="0.077">
  <properties/>
  <testcase name="getLengthAndWidth_rectangle()" classname="com.galvanize.geometry.GeometryTest" time="0.06"/>
  <testcase name="changeLengthAndWidth_rectangle()" classname="com.galvanize.geometry.GeometryTest" time="0.003"/>
  <testcase name="getLengthAndWidth_returnOne_rectangle()" classname="com.galvanize.geometry.GeometryTest" time="0.009"/>
  <system-out><![CDATA[]]></system-out>
  <system-err><![CDATA[]]></system-err>
</testsuite>
