<?xml version="1.0" encoding="UTF-8"?>
<testsuite name="com.galvanize.geometry.GeometryTest" tests="6" skipped="0" failures="0" errors="0" timestamp="2021-01-25T16:57:17" hostname="LAPTOP-S57OD5Q8" time="0.084">
  <properties/>
  <testcase name="createCirleWithRadius()" classname="com.galvanize.geometry.GeometryTest" time="0.056"/>
  <testcase name="createCirleWithoutRadius()" classname="com.galvanize.geometry.GeometryTest" time="0.002"/>
  <testcase name="getLengthAndWidth_rectangle()" classname="com.galvanize.geometry.GeometryTest" time="0.003"/>
  <testcase name="changeLengthAndWidth_rectangle()" classname="com.galvanize.geometry.GeometryTest" time="0.001"/>
  <testcase name="changeRadiusOfACircle()" classname="com.galvanize.geometry.GeometryTest" time="0.004"/>
  <testcase name="getLengthAndWidth_returnOne_rectangle()" classname="com.galvanize.geometry.GeometryTest" time="0.002"/>
  <system-out><![CDATA[]]></system-out>
  <system-err><![CDATA[]]></system-err>
</testsuite>
